E:\ENGINE\OPENGL\PROJECT\OPENGL_BAODIAN\EXERCISECODE\10SINGLE\DEBUG\VC110.PDB
E:\ENGINE\OPENGL\PROJECT\OPENGL_BAODIAN\EXERCISECODE\10SINGLE\DEBUG\MAIN.OBJ
E:\ENGINE\OPENGL\PROJECT\OPENGL_BAODIAN\EXERCISECODE\DEBUG\10SINGLE.ILK
E:\ENGINE\OPENGL\PROJECT\OPENGL_BAODIAN\EXERCISECODE\DEBUG\10SINGLE.EXE
E:\ENGINE\OPENGL\PROJECT\OPENGL_BAODIAN\EXERCISECODE\DEBUG\10SINGLE.PDB
E:\Engine\OpenGL\project\OpenGL_BaoDian\ExerciseCode\10single\Debug\main.obj
E:\Engine\OpenGL\project\OpenGL_BaoDian\ExerciseCode\10single\Debug\cl.command.1.tlog
E:\Engine\OpenGL\project\OpenGL_BaoDian\ExerciseCode\10single\Debug\CL.read.1.tlog
E:\Engine\OpenGL\project\OpenGL_BaoDian\ExerciseCode\10single\Debug\CL.write.1.tlog
E:\Engine\OpenGL\project\OpenGL_BaoDian\ExerciseCode\10single\Debug\link-cvtres.read.1.tlog
E:\Engine\OpenGL\project\OpenGL_BaoDian\ExerciseCode\10single\Debug\link-cvtres.write.1.tlog
E:\Engine\OpenGL\project\OpenGL_BaoDian\ExerciseCode\10single\Debug\link-rc.read.1.tlog
E:\Engine\OpenGL\project\OpenGL_BaoDian\ExerciseCode\10single\Debug\link-rc.write.1.tlog
E:\Engine\OpenGL\project\OpenGL_BaoDian\ExerciseCode\10single\Debug\link.command.1.tlog
E:\Engine\OpenGL\project\OpenGL_BaoDian\ExerciseCode\10single\Debug\link.read.1.tlog
E:\Engine\OpenGL\project\OpenGL_BaoDian\ExerciseCode\10single\Debug\link.write.1.tlog
E:\Engine\OpenGL\project\OpenGL_BaoDian\ExerciseCode\10single\Debug\vc110.idb
E:\Engine\OpenGL\project\OpenGL_BaoDian\ExerciseCode\10single\Debug\vc110.pdb
E:\Engine\OpenGL\project\OpenGL_BaoDian\ExerciseCode\Debug\10single.pdb
E:\Engine\OpenGL\project\OpenGL_BaoDian\ExerciseCode\Debug\10single.exe
E:\Engine\OpenGL\project\OpenGL_BaoDian\ExerciseCode\Debug\10single.ilk
