E:\ENGINE\OPENGL\PROJECT\OPENGL_BAODIAN\EXERCISECODE\21SPOT\DEBUG\MATH3D.OBJ
E:\ENGINE\OPENGL\PROJECT\OPENGL_BAODIAN\EXERCISECODE\21SPOT\DEBUG\MAIN.OBJ
E:\ENGINE\OPENGL\PROJECT\OPENGL_BAODIAN\EXERCISECODE\21SPOT\DEBUG\VC110.PDB
E:\ENGINE\OPENGL\PROJECT\OPENGL_BAODIAN\EXERCISECODE\DEBUG\21SPOT.ILK
E:\ENGINE\OPENGL\PROJECT\OPENGL_BAODIAN\EXERCISECODE\DEBUG\21SPOT.EXE
E:\ENGINE\OPENGL\PROJECT\OPENGL_BAODIAN\EXERCISECODE\DEBUG\21SPOT.PDB
E:\Engine\OpenGL\project\OpenGL_BaoDian\ExerciseCode\21Spot\Debug\main.obj
E:\Engine\OpenGL\project\OpenGL_BaoDian\ExerciseCode\21Spot\Debug\math3d.obj
E:\Engine\OpenGL\project\OpenGL_BaoDian\ExerciseCode\21Spot\Debug\cl.command.1.tlog
E:\Engine\OpenGL\project\OpenGL_BaoDian\ExerciseCode\21Spot\Debug\CL.read.1.tlog
E:\Engine\OpenGL\project\OpenGL_BaoDian\ExerciseCode\21Spot\Debug\CL.write.1.tlog
E:\Engine\OpenGL\project\OpenGL_BaoDian\ExerciseCode\21Spot\Debug\link-cvtres.read.1.tlog
E:\Engine\OpenGL\project\OpenGL_BaoDian\ExerciseCode\21Spot\Debug\link-cvtres.write.1.tlog
E:\Engine\OpenGL\project\OpenGL_BaoDian\ExerciseCode\21Spot\Debug\link-rc.read.1.tlog
E:\Engine\OpenGL\project\OpenGL_BaoDian\ExerciseCode\21Spot\Debug\link-rc.write.1.tlog
E:\Engine\OpenGL\project\OpenGL_BaoDian\ExerciseCode\21Spot\Debug\link.7104-cvtres.read.1.tlog
E:\Engine\OpenGL\project\OpenGL_BaoDian\ExerciseCode\21Spot\Debug\link.7104-cvtres.write.1.tlog
E:\Engine\OpenGL\project\OpenGL_BaoDian\ExerciseCode\21Spot\Debug\link.7104-rc.read.1.tlog
E:\Engine\OpenGL\project\OpenGL_BaoDian\ExerciseCode\21Spot\Debug\link.7104-rc.write.1.tlog
E:\Engine\OpenGL\project\OpenGL_BaoDian\ExerciseCode\21Spot\Debug\link.7104.read.1.tlog
E:\Engine\OpenGL\project\OpenGL_BaoDian\ExerciseCode\21Spot\Debug\link.7104.write.1.tlog
E:\Engine\OpenGL\project\OpenGL_BaoDian\ExerciseCode\21Spot\Debug\link.command.1.tlog
E:\Engine\OpenGL\project\OpenGL_BaoDian\ExerciseCode\21Spot\Debug\link.read.1.tlog
E:\Engine\OpenGL\project\OpenGL_BaoDian\ExerciseCode\21Spot\Debug\link.write.1.tlog
E:\Engine\OpenGL\project\OpenGL_BaoDian\ExerciseCode\21Spot\Debug\vc110.idb
E:\Engine\OpenGL\project\OpenGL_BaoDian\ExerciseCode\21Spot\Debug\vc110.pdb
E:\Engine\OpenGL\project\OpenGL_BaoDian\ExerciseCode\Debug\21Spot.pdb
E:\Engine\OpenGL\project\OpenGL_BaoDian\ExerciseCode\Debug\21Spot.exe
E:\Engine\OpenGL\project\OpenGL_BaoDian\ExerciseCode\Debug\21Spot.ilk
