E:\ENGINE\OPENGL\PROJECT\OPENGL_BAODIAN\EXERCISECODE\13ATOM\DEBUG\MAIN.OBJ
E:\ENGINE\OPENGL\PROJECT\OPENGL_BAODIAN\EXERCISECODE\13ATOM\DEBUG\VC110.PDB
E:\ENGINE\OPENGL\PROJECT\OPENGL_BAODIAN\EXERCISECODE\DEBUG\13ATOM.ILK
E:\ENGINE\OPENGL\PROJECT\OPENGL_BAODIAN\EXERCISECODE\DEBUG\13ATOM.EXE
E:\ENGINE\OPENGL\PROJECT\OPENGL_BAODIAN\EXERCISECODE\DEBUG\13ATOM.PDB
E:\Engine\OpenGL\project\OpenGL_BaoDian\ExerciseCode\13Atom\Debug\main.obj
E:\Engine\OpenGL\project\OpenGL_BaoDian\ExerciseCode\13Atom\Debug\cl.command.1.tlog
E:\Engine\OpenGL\project\OpenGL_BaoDian\ExerciseCode\13Atom\Debug\CL.read.1.tlog
E:\Engine\OpenGL\project\OpenGL_BaoDian\ExerciseCode\13Atom\Debug\CL.write.1.tlog
E:\Engine\OpenGL\project\OpenGL_BaoDian\ExerciseCode\13Atom\Debug\link-cvtres.read.1.tlog
E:\Engine\OpenGL\project\OpenGL_BaoDian\ExerciseCode\13Atom\Debug\link-cvtres.write.1.tlog
E:\Engine\OpenGL\project\OpenGL_BaoDian\ExerciseCode\13Atom\Debug\link-rc.read.1.tlog
E:\Engine\OpenGL\project\OpenGL_BaoDian\ExerciseCode\13Atom\Debug\link-rc.write.1.tlog
E:\Engine\OpenGL\project\OpenGL_BaoDian\ExerciseCode\13Atom\Debug\link.10984-cvtres.read.1.tlog
E:\Engine\OpenGL\project\OpenGL_BaoDian\ExerciseCode\13Atom\Debug\link.10984-cvtres.write.1.tlog
E:\Engine\OpenGL\project\OpenGL_BaoDian\ExerciseCode\13Atom\Debug\link.10984-rc.read.1.tlog
E:\Engine\OpenGL\project\OpenGL_BaoDian\ExerciseCode\13Atom\Debug\link.10984-rc.write.1.tlog
E:\Engine\OpenGL\project\OpenGL_BaoDian\ExerciseCode\13Atom\Debug\link.10984.read.1.tlog
E:\Engine\OpenGL\project\OpenGL_BaoDian\ExerciseCode\13Atom\Debug\link.10984.write.1.tlog
E:\Engine\OpenGL\project\OpenGL_BaoDian\ExerciseCode\13Atom\Debug\link.command.1.tlog
E:\Engine\OpenGL\project\OpenGL_BaoDian\ExerciseCode\13Atom\Debug\link.read.1.tlog
E:\Engine\OpenGL\project\OpenGL_BaoDian\ExerciseCode\13Atom\Debug\link.write.1.tlog
E:\Engine\OpenGL\project\OpenGL_BaoDian\ExerciseCode\13Atom\Debug\vc110.idb
E:\Engine\OpenGL\project\OpenGL_BaoDian\ExerciseCode\13Atom\Debug\vc110.pdb
E:\Engine\OpenGL\project\OpenGL_BaoDian\ExerciseCode\Debug\13Atom.pdb
E:\Engine\OpenGL\project\OpenGL_BaoDian\ExerciseCode\Debug\13Atom.exe
E:\Engine\OpenGL\project\OpenGL_BaoDian\ExerciseCode\Debug\13Atom.ilk
