E:\ENGINE\OPENGL\PROJECT\OPENGL_BAODIAN\EXERCISECODE\14SOLAR\DEBUG\MAIN.CPP.NATIVECODEANALYSIS.XML
E:\ENGINE\OPENGL\PROJECT\OPENGL_BAODIAN\EXERCISECODE\14SOLAR\DEBUG\MAIN.OBJ
E:\ENGINE\OPENGL\PROJECT\OPENGL_BAODIAN\EXERCISECODE\14SOLAR\DEBUG\VC110.PDB
E:\ENGINE\OPENGL\PROJECT\OPENGL_BAODIAN\EXERCISECODE\DEBUG\14SOLAR.ILK
E:\ENGINE\OPENGL\PROJECT\OPENGL_BAODIAN\EXERCISECODE\DEBUG\14SOLAR.EXE
E:\ENGINE\OPENGL\PROJECT\OPENGL_BAODIAN\EXERCISECODE\DEBUG\14SOLAR.PDB
E:\Engine\OpenGL\project\OpenGL_BaoDian\ExerciseCode\14Solar\Debug\main.obj
E:\Engine\OpenGL\project\OpenGL_BaoDian\ExerciseCode\14Solar\Debug\cl.command.1.tlog
E:\Engine\OpenGL\project\OpenGL_BaoDian\ExerciseCode\14Solar\Debug\CL.read.1.tlog
E:\Engine\OpenGL\project\OpenGL_BaoDian\ExerciseCode\14Solar\Debug\CL.read.2.tlog
E:\Engine\OpenGL\project\OpenGL_BaoDian\ExerciseCode\14Solar\Debug\CL.write.1.tlog
E:\Engine\OpenGL\project\OpenGL_BaoDian\ExerciseCode\14Solar\Debug\link-cvtres.read.1.tlog
E:\Engine\OpenGL\project\OpenGL_BaoDian\ExerciseCode\14Solar\Debug\link-cvtres.write.1.tlog
E:\Engine\OpenGL\project\OpenGL_BaoDian\ExerciseCode\14Solar\Debug\link-rc.read.1.tlog
E:\Engine\OpenGL\project\OpenGL_BaoDian\ExerciseCode\14Solar\Debug\link-rc.write.1.tlog
E:\Engine\OpenGL\project\OpenGL_BaoDian\ExerciseCode\14Solar\Debug\link.command.1.tlog
E:\Engine\OpenGL\project\OpenGL_BaoDian\ExerciseCode\14Solar\Debug\link.read.1.tlog
E:\Engine\OpenGL\project\OpenGL_BaoDian\ExerciseCode\14Solar\Debug\link.write.1.tlog
E:\Engine\OpenGL\project\OpenGL_BaoDian\ExerciseCode\14Solar\Debug\NativeCodeAnalysis.read.1.tlog
E:\Engine\OpenGL\project\OpenGL_BaoDian\ExerciseCode\14Solar\Debug\vc110.idb
E:\Engine\OpenGL\project\OpenGL_BaoDian\ExerciseCode\14Solar\Debug\vc110.pdb
E:\Engine\OpenGL\project\OpenGL_BaoDian\ExerciseCode\14Solar\Debug\main.cpp.nativecodeanalysis.xml
E:\Engine\OpenGL\project\OpenGL_BaoDian\ExerciseCode\14Solar\Debug\vc.nativecodeanalysis.all.xml
E:\Engine\OpenGL\project\OpenGL_BaoDian\ExerciseCode\Debug\14Solar.pdb
E:\Engine\OpenGL\project\OpenGL_BaoDian\ExerciseCode\Debug\14Solar.exe
E:\Engine\OpenGL\project\OpenGL_BaoDian\ExerciseCode\Debug\14Solar.ilk
E:\Engine\OpenGL\project\OpenGL_BaoDian\ExerciseCode\Debug\14Solar.exe.lastcodeanalysissucceeded
