E:\ENGINE\OPENGL\PROJECT\OPENGL_BAODIAN\EXERCISECODE\20LITJET\DEBUG\MATH3D.OBJ
E:\ENGINE\OPENGL\PROJECT\OPENGL_BAODIAN\EXERCISECODE\20LITJET\DEBUG\VC110.PDB
E:\ENGINE\OPENGL\PROJECT\OPENGL_BAODIAN\EXERCISECODE\20LITJET\DEBUG\MAIN.OBJ
E:\ENGINE\OPENGL\PROJECT\OPENGL_BAODIAN\EXERCISECODE\DEBUG\20LITJET.ILK
E:\ENGINE\OPENGL\PROJECT\OPENGL_BAODIAN\EXERCISECODE\DEBUG\20LITJET.EXE
E:\ENGINE\OPENGL\PROJECT\OPENGL_BAODIAN\EXERCISECODE\DEBUG\20LITJET.PDB
E:\Engine\OpenGL\project\OpenGL_BaoDian\ExerciseCode\20litjet\Debug\main.obj
E:\Engine\OpenGL\project\OpenGL_BaoDian\ExerciseCode\20litjet\Debug\math3d.obj
E:\Engine\OpenGL\project\OpenGL_BaoDian\ExerciseCode\20litjet\Debug\cl.command.1.tlog
E:\Engine\OpenGL\project\OpenGL_BaoDian\ExerciseCode\20litjet\Debug\CL.read.1.tlog
E:\Engine\OpenGL\project\OpenGL_BaoDian\ExerciseCode\20litjet\Debug\CL.write.1.tlog
E:\Engine\OpenGL\project\OpenGL_BaoDian\ExerciseCode\20litjet\Debug\link-cvtres.read.1.tlog
E:\Engine\OpenGL\project\OpenGL_BaoDian\ExerciseCode\20litjet\Debug\link-cvtres.write.1.tlog
E:\Engine\OpenGL\project\OpenGL_BaoDian\ExerciseCode\20litjet\Debug\link-rc.read.1.tlog
E:\Engine\OpenGL\project\OpenGL_BaoDian\ExerciseCode\20litjet\Debug\link-rc.write.1.tlog
E:\Engine\OpenGL\project\OpenGL_BaoDian\ExerciseCode\20litjet\Debug\link.command.1.tlog
E:\Engine\OpenGL\project\OpenGL_BaoDian\ExerciseCode\20litjet\Debug\link.read.1.tlog
E:\Engine\OpenGL\project\OpenGL_BaoDian\ExerciseCode\20litjet\Debug\link.write.1.tlog
E:\Engine\OpenGL\project\OpenGL_BaoDian\ExerciseCode\20litjet\Debug\vc110.idb
E:\Engine\OpenGL\project\OpenGL_BaoDian\ExerciseCode\20litjet\Debug\vc110.pdb
E:\Engine\OpenGL\project\OpenGL_BaoDian\ExerciseCode\Debug\20litjet.pdb
E:\Engine\OpenGL\project\OpenGL_BaoDian\ExerciseCode\Debug\20litjet.exe
E:\Engine\OpenGL\project\OpenGL_BaoDian\ExerciseCode\Debug\20litjet.ilk
