E:\ENGINE\OPENGL\PROJECT\OPENGL_BAODIAN\EXERCISECODE\24REFLECTION\DEBUG\MATH3D.OBJ
E:\ENGINE\OPENGL\PROJECT\OPENGL_BAODIAN\EXERCISECODE\24REFLECTION\DEBUG\MAIN.OBJ
E:\ENGINE\OPENGL\PROJECT\OPENGL_BAODIAN\EXERCISECODE\24REFLECTION\DEBUG\VC110.PDB
E:\ENGINE\OPENGL\PROJECT\OPENGL_BAODIAN\EXERCISECODE\DEBUG\24REFLECTION.ILK
E:\ENGINE\OPENGL\PROJECT\OPENGL_BAODIAN\EXERCISECODE\DEBUG\24REFLECTION.EXE
E:\ENGINE\OPENGL\PROJECT\OPENGL_BAODIAN\EXERCISECODE\DEBUG\24REFLECTION.PDB
E:\Engine\OpenGL\project\OpenGL_BaoDian\ExerciseCode\24Reflection\Debug\main.obj
E:\Engine\OpenGL\project\OpenGL_BaoDian\ExerciseCode\24Reflection\Debug\math3d.obj
E:\Engine\OpenGL\project\OpenGL_BaoDian\ExerciseCode\24Reflection\Debug\cl.command.1.tlog
E:\Engine\OpenGL\project\OpenGL_BaoDian\ExerciseCode\24Reflection\Debug\CL.read.1.tlog
E:\Engine\OpenGL\project\OpenGL_BaoDian\ExerciseCode\24Reflection\Debug\CL.write.1.tlog
E:\Engine\OpenGL\project\OpenGL_BaoDian\ExerciseCode\24Reflection\Debug\link-cvtres.read.1.tlog
E:\Engine\OpenGL\project\OpenGL_BaoDian\ExerciseCode\24Reflection\Debug\link-cvtres.write.1.tlog
E:\Engine\OpenGL\project\OpenGL_BaoDian\ExerciseCode\24Reflection\Debug\link-rc.read.1.tlog
E:\Engine\OpenGL\project\OpenGL_BaoDian\ExerciseCode\24Reflection\Debug\link-rc.write.1.tlog
E:\Engine\OpenGL\project\OpenGL_BaoDian\ExerciseCode\24Reflection\Debug\link.command.1.tlog
E:\Engine\OpenGL\project\OpenGL_BaoDian\ExerciseCode\24Reflection\Debug\link.read.1.tlog
E:\Engine\OpenGL\project\OpenGL_BaoDian\ExerciseCode\24Reflection\Debug\link.write.1.tlog
E:\Engine\OpenGL\project\OpenGL_BaoDian\ExerciseCode\24Reflection\Debug\vc110.idb
E:\Engine\OpenGL\project\OpenGL_BaoDian\ExerciseCode\24Reflection\Debug\vc110.pdb
E:\Engine\OpenGL\project\OpenGL_BaoDian\ExerciseCode\Debug\24Reflection.pdb
E:\Engine\OpenGL\project\OpenGL_BaoDian\ExerciseCode\Debug\24Reflection.exe
E:\Engine\OpenGL\project\OpenGL_BaoDian\ExerciseCode\Debug\24Reflection.ilk
