E:\ENGINE\OPENGL\PROJECT\OPENGL_BAODIAN\EXERCISECODE\25SMOOTHER\DEBUG\MATH3D.OBJ
E:\ENGINE\OPENGL\PROJECT\OPENGL_BAODIAN\EXERCISECODE\25SMOOTHER\DEBUG\MAIN.OBJ
E:\ENGINE\OPENGL\PROJECT\OPENGL_BAODIAN\EXERCISECODE\25SMOOTHER\DEBUG\VC110.PDB
E:\ENGINE\OPENGL\PROJECT\OPENGL_BAODIAN\EXERCISECODE\DEBUG\25SMOOTHER.ILK
E:\ENGINE\OPENGL\PROJECT\OPENGL_BAODIAN\EXERCISECODE\DEBUG\25SMOOTHER.EXE
E:\ENGINE\OPENGL\PROJECT\OPENGL_BAODIAN\EXERCISECODE\DEBUG\25SMOOTHER.PDB
E:\Engine\OpenGL\project\OpenGL_BaoDian\ExerciseCode\25Smoother\Debug\main.obj
E:\Engine\OpenGL\project\OpenGL_BaoDian\ExerciseCode\25Smoother\Debug\math3d.obj
E:\Engine\OpenGL\project\OpenGL_BaoDian\ExerciseCode\25Smoother\Debug\cl.command.1.tlog
E:\Engine\OpenGL\project\OpenGL_BaoDian\ExerciseCode\25Smoother\Debug\CL.read.1.tlog
E:\Engine\OpenGL\project\OpenGL_BaoDian\ExerciseCode\25Smoother\Debug\CL.write.1.tlog
E:\Engine\OpenGL\project\OpenGL_BaoDian\ExerciseCode\25Smoother\Debug\link-cvtres.read.1.tlog
E:\Engine\OpenGL\project\OpenGL_BaoDian\ExerciseCode\25Smoother\Debug\link-cvtres.write.1.tlog
E:\Engine\OpenGL\project\OpenGL_BaoDian\ExerciseCode\25Smoother\Debug\link-rc.read.1.tlog
E:\Engine\OpenGL\project\OpenGL_BaoDian\ExerciseCode\25Smoother\Debug\link-rc.write.1.tlog
E:\Engine\OpenGL\project\OpenGL_BaoDian\ExerciseCode\25Smoother\Debug\link.command.1.tlog
E:\Engine\OpenGL\project\OpenGL_BaoDian\ExerciseCode\25Smoother\Debug\link.read.1.tlog
E:\Engine\OpenGL\project\OpenGL_BaoDian\ExerciseCode\25Smoother\Debug\link.write.1.tlog
E:\Engine\OpenGL\project\OpenGL_BaoDian\ExerciseCode\25Smoother\Debug\vc110.idb
E:\Engine\OpenGL\project\OpenGL_BaoDian\ExerciseCode\25Smoother\Debug\vc110.pdb
E:\Engine\OpenGL\project\OpenGL_BaoDian\ExerciseCode\Debug\25Smoother.pdb
E:\Engine\OpenGL\project\OpenGL_BaoDian\ExerciseCode\Debug\25Smoother.exe
E:\Engine\OpenGL\project\OpenGL_BaoDian\ExerciseCode\Debug\25Smoother.ilk
