E:\ENGINE\OPENGL\PROJECT\OPENGL_BAODIAN\EXERCISECODE\03BOUNCE\DEBUG\MAIN.CPP.NATIVECODEANALYSIS.XML
E:\ENGINE\OPENGL\PROJECT\OPENGL_BAODIAN\EXERCISECODE\03BOUNCE\DEBUG\MAIN.OBJ
E:\ENGINE\OPENGL\PROJECT\OPENGL_BAODIAN\EXERCISECODE\03BOUNCE\DEBUG\VC110.PDB
E:\ENGINE\OPENGL\PROJECT\OPENGL_BAODIAN\EXERCISECODE\DEBUG\03BOUNCE.ILK
E:\ENGINE\OPENGL\PROJECT\OPENGL_BAODIAN\EXERCISECODE\DEBUG\03BOUNCE.EXE
E:\ENGINE\OPENGL\PROJECT\OPENGL_BAODIAN\EXERCISECODE\DEBUG\03BOUNCE.PDB
E:\Engine\OpenGL\project\OpenGL_BaoDian\ExerciseCode\03Bounce\Debug\main.obj
E:\Engine\OpenGL\project\OpenGL_BaoDian\ExerciseCode\03Bounce\Debug\cl.command.1.tlog
E:\Engine\OpenGL\project\OpenGL_BaoDian\ExerciseCode\03Bounce\Debug\CL.read.1.tlog
E:\Engine\OpenGL\project\OpenGL_BaoDian\ExerciseCode\03Bounce\Debug\CL.read.2.tlog
E:\Engine\OpenGL\project\OpenGL_BaoDian\ExerciseCode\03Bounce\Debug\CL.write.1.tlog
E:\Engine\OpenGL\project\OpenGL_BaoDian\ExerciseCode\03Bounce\Debug\link-cvtres.read.1.tlog
E:\Engine\OpenGL\project\OpenGL_BaoDian\ExerciseCode\03Bounce\Debug\link-cvtres.write.1.tlog
E:\Engine\OpenGL\project\OpenGL_BaoDian\ExerciseCode\03Bounce\Debug\link-rc.read.1.tlog
E:\Engine\OpenGL\project\OpenGL_BaoDian\ExerciseCode\03Bounce\Debug\link-rc.write.1.tlog
E:\Engine\OpenGL\project\OpenGL_BaoDian\ExerciseCode\03Bounce\Debug\link.command.1.tlog
E:\Engine\OpenGL\project\OpenGL_BaoDian\ExerciseCode\03Bounce\Debug\link.read.1.tlog
E:\Engine\OpenGL\project\OpenGL_BaoDian\ExerciseCode\03Bounce\Debug\link.write.1.tlog
E:\Engine\OpenGL\project\OpenGL_BaoDian\ExerciseCode\03Bounce\Debug\NativeCodeAnalysis.read.1.tlog
E:\Engine\OpenGL\project\OpenGL_BaoDian\ExerciseCode\03Bounce\Debug\vc110.idb
E:\Engine\OpenGL\project\OpenGL_BaoDian\ExerciseCode\03Bounce\Debug\vc110.pdb
E:\Engine\OpenGL\project\OpenGL_BaoDian\ExerciseCode\03Bounce\Debug\main.cpp.nativecodeanalysis.xml
E:\Engine\OpenGL\project\OpenGL_BaoDian\ExerciseCode\03Bounce\Debug\vc.nativecodeanalysis.all.xml
E:\Engine\OpenGL\project\OpenGL_BaoDian\ExerciseCode\Debug\03Bounce.pdb
E:\Engine\OpenGL\project\OpenGL_BaoDian\ExerciseCode\Debug\03Bounce.exe
E:\Engine\OpenGL\project\OpenGL_BaoDian\ExerciseCode\Debug\03Bounce.ilk
E:\Engine\OpenGL\project\OpenGL_BaoDian\ExerciseCode\Debug\03Bounce.exe.lastcodeanalysissucceeded
