E:\ENGINE\OPENGL\PROJECT\OPENGL_BAODIAN\EXERCISECODE\23SPHEREWORLD\DEBUG\MATH3D.OBJ
E:\ENGINE\OPENGL\PROJECT\OPENGL_BAODIAN\EXERCISECODE\23SPHEREWORLD\DEBUG\VC110.PDB
E:\ENGINE\OPENGL\PROJECT\OPENGL_BAODIAN\EXERCISECODE\23SPHEREWORLD\DEBUG\MAIN.OBJ
E:\ENGINE\OPENGL\PROJECT\OPENGL_BAODIAN\EXERCISECODE\DEBUG\23SPHEREWORLD.ILK
E:\ENGINE\OPENGL\PROJECT\OPENGL_BAODIAN\EXERCISECODE\DEBUG\23SPHEREWORLD.EXE
E:\ENGINE\OPENGL\PROJECT\OPENGL_BAODIAN\EXERCISECODE\DEBUG\23SPHEREWORLD.PDB
E:\Engine\OpenGL\project\OpenGL_BaoDian\ExerciseCode\23SphereWorld\Debug\main.obj
E:\Engine\OpenGL\project\OpenGL_BaoDian\ExerciseCode\23SphereWorld\Debug\math3d.obj
E:\Engine\OpenGL\project\OpenGL_BaoDian\ExerciseCode\23SphereWorld\Debug\cl.command.1.tlog
E:\Engine\OpenGL\project\OpenGL_BaoDian\ExerciseCode\23SphereWorld\Debug\CL.read.1.tlog
E:\Engine\OpenGL\project\OpenGL_BaoDian\ExerciseCode\23SphereWorld\Debug\CL.write.1.tlog
E:\Engine\OpenGL\project\OpenGL_BaoDian\ExerciseCode\23SphereWorld\Debug\link-cvtres.read.1.tlog
E:\Engine\OpenGL\project\OpenGL_BaoDian\ExerciseCode\23SphereWorld\Debug\link-cvtres.write.1.tlog
E:\Engine\OpenGL\project\OpenGL_BaoDian\ExerciseCode\23SphereWorld\Debug\link-rc.read.1.tlog
E:\Engine\OpenGL\project\OpenGL_BaoDian\ExerciseCode\23SphereWorld\Debug\link-rc.write.1.tlog
E:\Engine\OpenGL\project\OpenGL_BaoDian\ExerciseCode\23SphereWorld\Debug\link.command.1.tlog
E:\Engine\OpenGL\project\OpenGL_BaoDian\ExerciseCode\23SphereWorld\Debug\link.read.1.tlog
E:\Engine\OpenGL\project\OpenGL_BaoDian\ExerciseCode\23SphereWorld\Debug\link.write.1.tlog
E:\Engine\OpenGL\project\OpenGL_BaoDian\ExerciseCode\23SphereWorld\Debug\vc110.idb
E:\Engine\OpenGL\project\OpenGL_BaoDian\ExerciseCode\23SphereWorld\Debug\vc110.pdb
E:\Engine\OpenGL\project\OpenGL_BaoDian\ExerciseCode\Debug\23SphereWorld.pdb
E:\Engine\OpenGL\project\OpenGL_BaoDian\ExerciseCode\Debug\23SphereWorld.exe
E:\Engine\OpenGL\project\OpenGL_BaoDian\ExerciseCode\Debug\23SphereWorld.ilk
