E:\ENGINE\OPENGL\PROJECT\OPENGL_BAODIAN\EXERCISECODE\02GLRECT\DEBUG\MAIN.CPP.NATIVECODEANALYSIS.XML
E:\ENGINE\OPENGL\PROJECT\OPENGL_BAODIAN\EXERCISECODE\02GLRECT\DEBUG\MAIN.OBJ
E:\ENGINE\OPENGL\PROJECT\OPENGL_BAODIAN\EXERCISECODE\02GLRECT\DEBUG\VC110.PDB
E:\ENGINE\OPENGL\PROJECT\OPENGL_BAODIAN\EXERCISECODE\DEBUG\02GLRECT.ILK
E:\ENGINE\OPENGL\PROJECT\OPENGL_BAODIAN\EXERCISECODE\DEBUG\02GLRECT.EXE
E:\ENGINE\OPENGL\PROJECT\OPENGL_BAODIAN\EXERCISECODE\DEBUG\02GLRECT.PDB
E:\Engine\OpenGL\project\OpenGL_BaoDian\ExerciseCode\02GLRect\Debug\main.obj
E:\Engine\OpenGL\project\OpenGL_BaoDian\ExerciseCode\02GLRect\Debug\cl.command.1.tlog
E:\Engine\OpenGL\project\OpenGL_BaoDian\ExerciseCode\02GLRect\Debug\CL.read.1.tlog
E:\Engine\OpenGL\project\OpenGL_BaoDian\ExerciseCode\02GLRect\Debug\CL.read.2.tlog
E:\Engine\OpenGL\project\OpenGL_BaoDian\ExerciseCode\02GLRect\Debug\CL.write.1.tlog
E:\Engine\OpenGL\project\OpenGL_BaoDian\ExerciseCode\02GLRect\Debug\link-cvtres.read.1.tlog
E:\Engine\OpenGL\project\OpenGL_BaoDian\ExerciseCode\02GLRect\Debug\link-cvtres.write.1.tlog
E:\Engine\OpenGL\project\OpenGL_BaoDian\ExerciseCode\02GLRect\Debug\link-rc.read.1.tlog
E:\Engine\OpenGL\project\OpenGL_BaoDian\ExerciseCode\02GLRect\Debug\link-rc.write.1.tlog
E:\Engine\OpenGL\project\OpenGL_BaoDian\ExerciseCode\02GLRect\Debug\link.command.1.tlog
E:\Engine\OpenGL\project\OpenGL_BaoDian\ExerciseCode\02GLRect\Debug\link.read.1.tlog
E:\Engine\OpenGL\project\OpenGL_BaoDian\ExerciseCode\02GLRect\Debug\link.write.1.tlog
E:\Engine\OpenGL\project\OpenGL_BaoDian\ExerciseCode\02GLRect\Debug\NativeCodeAnalysis.read.1.tlog
E:\Engine\OpenGL\project\OpenGL_BaoDian\ExerciseCode\02GLRect\Debug\vc110.idb
E:\Engine\OpenGL\project\OpenGL_BaoDian\ExerciseCode\02GLRect\Debug\vc110.pdb
E:\Engine\OpenGL\project\OpenGL_BaoDian\ExerciseCode\02GLRect\Debug\main.cpp.nativecodeanalysis.xml
E:\Engine\OpenGL\project\OpenGL_BaoDian\ExerciseCode\02GLRect\Debug\vc.nativecodeanalysis.all.xml
E:\Engine\OpenGL\project\OpenGL_BaoDian\ExerciseCode\Debug\02GLRect.pdb
E:\Engine\OpenGL\project\OpenGL_BaoDian\ExerciseCode\Debug\02GLRect.exe
E:\Engine\OpenGL\project\OpenGL_BaoDian\ExerciseCode\Debug\02GLRect.ilk
E:\Engine\OpenGL\project\OpenGL_BaoDian\ExerciseCode\Debug\02GLRect.exe.lastcodeanalysissucceeded
