E:\ENGINE\OPENGL\PROJECT\OPENGL_BAODIAN\EXERCISECODE\12STENCIL\DEBUG\MAIN.CPP.NATIVECODEANALYSIS.XML
E:\ENGINE\OPENGL\PROJECT\OPENGL_BAODIAN\EXERCISECODE\12STENCIL\DEBUG\MAIN.OBJ
E:\ENGINE\OPENGL\PROJECT\OPENGL_BAODIAN\EXERCISECODE\12STENCIL\DEBUG\VC110.PDB
E:\ENGINE\OPENGL\PROJECT\OPENGL_BAODIAN\EXERCISECODE\DEBUG\12STENCIL.ILK
E:\ENGINE\OPENGL\PROJECT\OPENGL_BAODIAN\EXERCISECODE\DEBUG\12STENCIL.EXE
E:\ENGINE\OPENGL\PROJECT\OPENGL_BAODIAN\EXERCISECODE\DEBUG\12STENCIL.PDB
E:\Engine\OpenGL\project\OpenGL_BaoDian\ExerciseCode\12stencil\Debug\main.obj
E:\Engine\OpenGL\project\OpenGL_BaoDian\ExerciseCode\12stencil\Debug\cl.command.1.tlog
E:\Engine\OpenGL\project\OpenGL_BaoDian\ExerciseCode\12stencil\Debug\CL.read.1.tlog
E:\Engine\OpenGL\project\OpenGL_BaoDian\ExerciseCode\12stencil\Debug\CL.read.2.tlog
E:\Engine\OpenGL\project\OpenGL_BaoDian\ExerciseCode\12stencil\Debug\CL.write.1.tlog
E:\Engine\OpenGL\project\OpenGL_BaoDian\ExerciseCode\12stencil\Debug\link-cvtres.read.1.tlog
E:\Engine\OpenGL\project\OpenGL_BaoDian\ExerciseCode\12stencil\Debug\link-cvtres.write.1.tlog
E:\Engine\OpenGL\project\OpenGL_BaoDian\ExerciseCode\12stencil\Debug\link-rc.read.1.tlog
E:\Engine\OpenGL\project\OpenGL_BaoDian\ExerciseCode\12stencil\Debug\link-rc.write.1.tlog
E:\Engine\OpenGL\project\OpenGL_BaoDian\ExerciseCode\12stencil\Debug\link.command.1.tlog
E:\Engine\OpenGL\project\OpenGL_BaoDian\ExerciseCode\12stencil\Debug\link.read.1.tlog
E:\Engine\OpenGL\project\OpenGL_BaoDian\ExerciseCode\12stencil\Debug\link.write.1.tlog
E:\Engine\OpenGL\project\OpenGL_BaoDian\ExerciseCode\12stencil\Debug\NativeCodeAnalysis.read.1.tlog
E:\Engine\OpenGL\project\OpenGL_BaoDian\ExerciseCode\12stencil\Debug\vc110.idb
E:\Engine\OpenGL\project\OpenGL_BaoDian\ExerciseCode\12stencil\Debug\vc110.pdb
E:\Engine\OpenGL\project\OpenGL_BaoDian\ExerciseCode\12stencil\Debug\main.cpp.nativecodeanalysis.xml
E:\Engine\OpenGL\project\OpenGL_BaoDian\ExerciseCode\12stencil\Debug\vc.nativecodeanalysis.all.xml
E:\Engine\OpenGL\project\OpenGL_BaoDian\ExerciseCode\Debug\12stencil.pdb
E:\Engine\OpenGL\project\OpenGL_BaoDian\ExerciseCode\Debug\12stencil.exe
E:\Engine\OpenGL\project\OpenGL_BaoDian\ExerciseCode\Debug\12stencil.ilk
E:\Engine\OpenGL\project\OpenGL_BaoDian\ExerciseCode\Debug\12stencil.exe.lastcodeanalysissucceeded
